Determining if the pthread_create exist failed with the following output:
Change Dir: /home/lunaticf/CLionProjects/imbang/cmake-build-debug/CMakeFiles/CMakeTmp

Run Build Command:"/usr/bin/make" "cmTC_79d37/fast"
/usr/bin/make -f CMakeFiles/cmTC_79d37.dir/build.make CMakeFiles/cmTC_79d37.dir/build
make[1]: Entering directory '/home/lunaticf/CLionProjects/imbang/cmake-build-debug/CMakeFiles/CMakeTmp'
Building C object CMakeFiles/cmTC_79d37.dir/CheckSymbolExists.c.o
/usr/bin/cc    -fPIC    -o CMakeFiles/cmTC_79d37.dir/CheckSymbolExists.c.o   -c /home/lunaticf/CLionProjects/imbang/cmake-build-debug/CMakeFiles/CMakeTmp/CheckSymbolExists.c
Linking C executable cmTC_79d37
/home/lunaticf/Downloads/clion-2016.3.3/bin/cmake/bin/cmake -E cmake_link_script CMakeFiles/cmTC_79d37.dir/link.txt --verbose=1
/usr/bin/cc  -fPIC     CMakeFiles/cmTC_79d37.dir/CheckSymbolExists.c.o  -o cmTC_79d37 
CMakeFiles/cmTC_79d37.dir/CheckSymbolExists.c.o: In function `main':
CheckSymbolExists.c:(.text+0x1b): undefined reference to `pthread_create'
collect2: error: ld returned 1 exit status
CMakeFiles/cmTC_79d37.dir/build.make:97: recipe for target 'cmTC_79d37' failed
make[1]: *** [cmTC_79d37] Error 1
make[1]: Leaving directory '/home/lunaticf/CLionProjects/imbang/cmake-build-debug/CMakeFiles/CMakeTmp'
Makefile:126: recipe for target 'cmTC_79d37/fast' failed
make: *** [cmTC_79d37/fast] Error 2

File /home/lunaticf/CLionProjects/imbang/cmake-build-debug/CMakeFiles/CMakeTmp/CheckSymbolExists.c:
/* */
#include <pthread.h>

int main(int argc, char** argv)
{
  (void)argv;
#ifndef pthread_create
  return ((int*)(&pthread_create))[argc];
#else
  (void)argc;
  return 0;
#endif
}

Determining if the function pthread_create exists in the pthreads failed with the following output:
Change Dir: /home/lunaticf/CLionProjects/imbang/cmake-build-debug/CMakeFiles/CMakeTmp

Run Build Command:"/usr/bin/make" "cmTC_31c29/fast"
/usr/bin/make -f CMakeFiles/cmTC_31c29.dir/build.make CMakeFiles/cmTC_31c29.dir/build
make[1]: Entering directory '/home/lunaticf/CLionProjects/imbang/cmake-build-debug/CMakeFiles/CMakeTmp'
Building C object CMakeFiles/cmTC_31c29.dir/CheckFunctionExists.c.o
/usr/bin/cc    -fPIC -DCHECK_FUNCTION_EXISTS=pthread_create   -o CMakeFiles/cmTC_31c29.dir/CheckFunctionExists.c.o   -c /home/lunaticf/Downloads/clion-2016.3.3/bin/cmake/share/cmake-3.6/Modules/CheckFunctionExists.c
Linking C executable cmTC_31c29
/home/lunaticf/Downloads/clion-2016.3.3/bin/cmake/bin/cmake -E cmake_link_script CMakeFiles/cmTC_31c29.dir/link.txt --verbose=1
/usr/bin/cc  -fPIC -DCHECK_FUNCTION_EXISTS=pthread_create    CMakeFiles/cmTC_31c29.dir/CheckFunctionExists.c.o  -o cmTC_31c29 -lpthreads 
/usr/bin/ld: cannot find -lpthreads
collect2: error: ld returned 1 exit status
CMakeFiles/cmTC_31c29.dir/build.make:97: recipe for target 'cmTC_31c29' failed
make[1]: *** [cmTC_31c29] Error 1
make[1]: Leaving directory '/home/lunaticf/CLionProjects/imbang/cmake-build-debug/CMakeFiles/CMakeTmp'
Makefile:126: recipe for target 'cmTC_31c29/fast' failed
make: *** [cmTC_31c29/fast] Error 2


